<?xml version="1.0" encoding="UTF-8"?>
<!-- Generated by org.testng.reporters.JUnitReportReporter -->
<testsuite hostname="LAPTOP-AB8GIN71" failures="0" tests="1" name="testScenarios.ThruTextFile" time="0.011" errors="0" timestamp="2025-05-05T07:59:37 EDT" skipped="0">
  <testcase classname="testScenarios.ThruTextFile" name="readFrmTextFile" time="0.011"/>
</testsuite> <!-- testScenarios.ThruTextFile -->
