<?xml version="1.0" encoding="UTF-8"?>
<!-- Generated by org.testng.reporters.JUnitReportReporter -->
<testsuite hostname="LAPTOP-AB8GIN71" failures="0" tests="1" name="testScenarios.DatePicker" time="9.855" errors="0" timestamp="2025-05-23T07:53:12 EDT" skipped="0">
  <testcase classname="testScenarios.DatePicker" name="pickdate" time="9.855"/>
</testsuite> <!-- testScenarios.DatePicker -->
