<?xml version="1.0" encoding="UTF-8"?>
<!-- Generated by org.testng.reporters.JUnitReportReporter -->
<testsuite hostname="LAPTOP-AB8GIN71" failures="0" tests="2" name="testScenarios.MouseOver" time="15.832" errors="0" timestamp="2025-05-05T07:59:37 EDT" skipped="0">
  <testcase classname="testScenarios.MouseOver" name="dragDrop" time="7.958"/>
  <testcase classname="testScenarios.MouseOver" name="reSize" time="7.874"/>
</testsuite> <!-- testScenarios.MouseOver -->
