<?xml version="1.0" encoding="UTF-8"?>
<!-- Generated by org.testng.reporters.JUnitReportReporter -->
<testsuite hostname="LAPTOP-AB8GIN71" failures="0" tests="3" name="testScenarios.CompareWebTable" time="4.480" errors="0" timestamp="2025-05-05T07:59:37 EDT" skipped="0">
  <testcase classname="testScenarios.CompareWebTable" name="readFrmTxtFile" time="0.014"/>
  <testcase classname="testScenarios.CompareWebTable" name="readFrmWebTb" time="4.465"/>
  <testcase classname="testScenarios.CompareWebTable" name="compare" time="0.001"/>
</testsuite> <!-- testScenarios.CompareWebTable -->
