<?xml version="1.0" encoding="UTF-8"?>
<!-- Generated by org.testng.reporters.JUnitReportReporter -->
<testsuite hostname="LAPTOP-AB8GIN71" failures="0" tests="1" name="testScenarios.SwitchingWindow" time="20.596" errors="0" timestamp="2025-05-05T07:59:37 EDT" skipped="0">
  <testcase classname="testScenarios.SwitchingWindow" name="switchWin" time="20.596"/>
</testsuite> <!-- testScenarios.SwitchingWindow -->
