<?xml version="1.0" encoding="UTF-8"?>
<!-- Generated by org.testng.reporters.JUnitReportReporter -->
<testsuite hostname="LAPTOP-AB8GIN71" failures="0" tests="4" name="testScenarios.Rediff" time="8.203" errors="0" timestamp="2025-05-05T07:59:37 EDT" skipped="1">
  <testcase classname="testScenarios.Rediff" name="openBrowser" time="3.299"/>
  <testcase classname="testScenarios.Rediff" name="loginRediff1" time="3.603"/>
  <testcase classname="testScenarios.Rediff" name="closeBrowser" time="1.301"/>
  <testcase classname="testScenarios.Rediff" name="loginRediff">
    <skipped/>
  </testcase> <!-- loginRediff -->
</testsuite> <!-- testScenarios.Rediff -->
