<?xml version="1.0" encoding="UTF-8"?>
<!-- Generated by org.testng.reporters.JUnitReportReporter -->
<testsuite hostname="LAPTOP-AB8GIN71" failures="0" tests="1" name="testScenarios.SwitchingWindow" time="7.747" errors="0" timestamp="2025-05-24T06:56:27 EDT" skipped="0">
  <testcase classname="testScenarios.SwitchingWindow" name="switchWin" time="7.747"/>
</testsuite> <!-- testScenarios.SwitchingWindow -->
