<?xml version="1.0" encoding="UTF-8"?>
<!-- Generated by org.testng.reporters.JUnitReportReporter -->
<testsuite hostname="LAPTOP-AB8GIN71" failures="0" tests="3" name="testScenarios.CompareWebTable" time="8.848" errors="0" timestamp="2025-05-19T07:55:05 EDT" skipped="0">
  <testcase classname="testScenarios.CompareWebTable" name="readFrmTxtFile" time="0.009"/>
  <testcase classname="testScenarios.CompareWebTable" name="readFrmWebTb" time="8.838"/>
  <testcase classname="testScenarios.CompareWebTable" name="compare" time="0.001"/>
</testsuite> <!-- testScenarios.CompareWebTable -->
