<?xml version="1.0" encoding="UTF-8"?>
<!-- Generated by org.testng.reporters.JUnitReportReporter -->
<testsuite hostname="LAPTOP-AB8GIN71" failures="0" tests="3" name="testScenarios.DP" time="0.003" errors="0" timestamp="2025-05-23T21:06:06 EDT" skipped="0">
  <testcase classname="testScenarios.DP" name="login" time="0.001"/>
  <testcase classname="testScenarios.DP" name="login" time="0.000"/>
  <testcase classname="testScenarios.DP" name="login" time="0.002"/>
</testsuite> <!-- testScenarios.DP -->
