<?xml version="1.0" encoding="UTF-8"?>
<!-- Generated by org.testng.reporters.JUnitReportReporter -->
<testsuite hostname="LAPTOP-AB8GIN71" failures="0" tests="1" name="testScenarios.SwitchingWindow" time="5.493" errors="0" timestamp="2025-05-13T07:55:57 EDT" skipped="0">
  <testcase classname="testScenarios.SwitchingWindow" name="switchWin" time="5.493"/>
</testsuite> <!-- testScenarios.SwitchingWindow -->
