<?xml version="1.0" encoding="UTF-8"?>
<!-- Generated by org.testng.reporters.JUnitReportReporter -->
<testsuite hostname="LAPTOP-AB8GIN71" failures="0" tests="2" name="testScenarios.MouseOver" time="21.490" errors="0" timestamp="2025-05-23T21:06:06 EDT" skipped="0">
  <testcase classname="testScenarios.MouseOver" name="dragDrop" time="10.621"/>
  <testcase classname="testScenarios.MouseOver" name="reSize" time="10.869"/>
</testsuite> <!-- testScenarios.MouseOver -->
