<?xml version="1.0" encoding="UTF-8"?>
<!-- Generated by org.testng.reporters.JUnitReportReporter -->
<testsuite hostname="LAPTOP-AB8GIN71" failures="0" tests="2" name="testScenarios.MouseOver" time="16.035" errors="0" timestamp="2025-05-13T07:55:57 EDT" skipped="0">
  <testcase classname="testScenarios.MouseOver" name="dragDrop" time="8.142"/>
  <testcase classname="testScenarios.MouseOver" name="reSize" time="7.893"/>
</testsuite> <!-- testScenarios.MouseOver -->
