<?xml version="1.0" encoding="UTF-8"?>
<!-- Generated by org.testng.reporters.JUnitReportReporter -->
<testsuite hostname="LAPTOP-AB8GIN71" failures="0" tests="1" name="testScenarios.HandlingDynaData" time="6.255" errors="0" timestamp="2025-05-19T07:55:05 EDT" skipped="0">
  <testcase classname="testScenarios.HandlingDynaData" name="dynData" time="6.255"/>
</testsuite> <!-- testScenarios.HandlingDynaData -->
