<?xml version="1.0" encoding="UTF-8"?>
<!-- Generated by org.testng.reporters.JUnitReportReporter -->
<testsuite hostname="LAPTOP-AB8GIN71" failures="0" tests="4" name="testScenarios.Rediff" time="25.812" errors="0" timestamp="2025-05-13T07:55:57 EDT" skipped="1">
  <testcase classname="testScenarios.Rediff" name="openBrowser" time="21.157"/>
  <testcase classname="testScenarios.Rediff" name="loginRediff1" time="3.337"/>
  <testcase classname="testScenarios.Rediff" name="closeBrowser" time="1.318"/>
  <testcase classname="testScenarios.Rediff" name="loginRediff">
    <skipped/>
  </testcase> <!-- loginRediff -->
</testsuite> <!-- testScenarios.Rediff -->
