<?xml version="1.0" encoding="UTF-8"?>
<!-- Generated by org.testng.reporters.JUnitReportReporter -->
<testsuite hostname="LAPTOP-AB8GIN71" failures="0" tests="3" name="testScenarios.CompareWebTable" time="5.117" errors="0" timestamp="2025-05-13T07:55:57 EDT" skipped="0">
  <testcase classname="testScenarios.CompareWebTable" name="readFrmTxtFile" time="0.008"/>
  <testcase classname="testScenarios.CompareWebTable" name="readFrmWebTb" time="5.107"/>
  <testcase classname="testScenarios.CompareWebTable" name="compare" time="0.002"/>
</testsuite> <!-- testScenarios.CompareWebTable -->
