<?xml version="1.0" encoding="UTF-8"?>
<!-- Generated by org.testng.reporters.JUnitReportReporter -->
<testsuite hostname="LAPTOP-AB8GIN71" failures="0" tests="1" name="testScenarios.ReadFrmWebTable" time="9.407" errors="0" timestamp="2025-05-23T21:06:06 EDT" skipped="0">
  <testcase classname="testScenarios.ReadFrmWebTable" name="ReadWebTable" time="9.407"/>
</testsuite> <!-- testScenarios.ReadFrmWebTable -->
