<?xml version="1.0" encoding="UTF-8"?>
<!-- Generated by org.testng.reporters.JUnitReportReporter -->
<testsuite hostname="LAPTOP-AB8GIN71" failures="0" tests="1" name="testScenarios.HandlingDynaData" time="11.152" errors="0" timestamp="2025-05-23T21:06:06 EDT" skipped="0">
  <testcase classname="testScenarios.HandlingDynaData" name="dynData" time="11.152"/>
</testsuite> <!-- testScenarios.HandlingDynaData -->
