<?xml version="1.0" encoding="UTF-8"?>
<!-- Generated by org.testng.reporters.JUnitReportReporter -->
<testsuite hostname="LAPTOP-AB8GIN71" failures="0" tests="1" name="testScenarios.ReadFrmWebTable" time="4.818" errors="0" timestamp="2025-05-19T07:55:05 EDT" skipped="0">
  <testcase classname="testScenarios.ReadFrmWebTable" name="ReadWebTable" time="4.818"/>
</testsuite> <!-- testScenarios.ReadFrmWebTable -->
