<?xml version="1.0" encoding="UTF-8"?>
<!-- Generated by org.testng.reporters.JUnitReportReporter -->
<testsuite hostname="LAPTOP-AB8GIN71" failures="0" tests="4" name="testScenarios.Rediff" time="17.758" errors="0" timestamp="2025-05-19T07:55:05 EDT" skipped="1">
  <testcase classname="testScenarios.Rediff" name="openBrowser" time="13.494"/>
  <testcase classname="testScenarios.Rediff" name="loginRediff1" time="2.959"/>
  <testcase classname="testScenarios.Rediff" name="closeBrowser" time="1.305"/>
  <testcase classname="testScenarios.Rediff" name="loginRediff">
    <skipped/>
  </testcase> <!-- loginRediff -->
</testsuite> <!-- testScenarios.Rediff -->
