<?xml version="1.0" encoding="UTF-8"?>
<!-- Generated by org.testng.reporters.JUnitReportReporter -->
<testsuite hostname="LAPTOP-AB8GIN71" failures="0" tests="3" name="testScenarios.CompareWebTable" time="7.489" errors="0" timestamp="2025-05-23T21:06:06 EDT" skipped="0">
  <testcase classname="testScenarios.CompareWebTable" name="readFrmTxtFile" time="0.002"/>
  <testcase classname="testScenarios.CompareWebTable" name="readFrmWebTb" time="7.485"/>
  <testcase classname="testScenarios.CompareWebTable" name="compare" time="0.002"/>
</testsuite> <!-- testScenarios.CompareWebTable -->
