<?xml version="1.0" encoding="UTF-8"?>
<!-- Generated by org.testng.reporters.JUnitReportReporter -->
<testsuite hostname="LAPTOP-AB8GIN71" failures="0" tests="4" name="testScenarios.Rediff" time="12.399" errors="0" timestamp="2025-05-23T21:06:06 EDT" skipped="1">
  <testcase classname="testScenarios.Rediff" name="openBrowser" time="6.898"/>
  <testcase classname="testScenarios.Rediff" name="loginRediff1" time="4.251"/>
  <testcase classname="testScenarios.Rediff" name="closeBrowser" time="1.250"/>
  <testcase classname="testScenarios.Rediff" name="loginRediff">
    <skipped/>
  </testcase> <!-- loginRediff -->
</testsuite> <!-- testScenarios.Rediff -->
